INFO: [VRFC 10-2263] Analyzing Verilog file "F:/Project/FPAG/Vivado_18.3/minecraft_moon/minecraft_moon.srcs/sources_1/constants.vh" into library xil_defaultlib
INFO: [VRFC 10-2263] Analyzing Verilog file "F:/Project/FPAG/Vivado_18.3/minecraft_moon/minecraft_moon.srcs/sources_1/ip/texture_rom/sim/texture_rom.v" into library xil_defaultlib
INFO: [VRFC 10-311] analyzing module texture_rom
INFO: [VRFC 10-2263] Analyzing Verilog file "F:/Project/FPAG/Vivado_18.3/minecraft_moon/minecraft_moon.srcs/sources_1/ip/map_ram/sim/map_ram.v" into library xil_defaultlib
INFO: [VRFC 10-311] analyzing module map_ram
INFO: [VRFC 10-2263] Analyzing Verilog file "F:/Project/FPAG/Vivado_18.3/minecraft_moon/minecraft_moon.srcs/sources_1/pipeline/angle_relative.v" into library xil_defaultlib
INFO: [VRFC 10-311] analyzing module angle_relative
INFO: [VRFC 10-2263] Analyzing Verilog file "F:/Project/FPAG/Vivado_18.3/minecraft_moon/minecraft_moon.srcs/sources_1/pipeline/angle_to_coord.v" into library xil_defaultlib
INFO: [VRFC 10-311] analyzing module angle_to_coord
INFO: [VRFC 10-2263] Analyzing Verilog file "F:/Project/FPAG/Vivado_18.3/minecraft_moon/minecraft_moon.srcs/sources_1/pipeline/ctrl.v" into library xil_defaultlib
INFO: [VRFC 10-311] analyzing module ctrl
INFO: [VRFC 10-2263] Analyzing Verilog file "F:/Project/FPAG/Vivado_18.3/minecraft_moon/minecraft_moon.srcs/sources_1/map.v" into library xil_defaultlib
INFO: [VRFC 10-311] analyzing module map
INFO: [VRFC 10-2263] Analyzing Verilog file "F:/Project/FPAG/Vivado_18.3/minecraft_moon/minecraft_moon.srcs/sources_1/pipeline/ppl.v" into library xil_defaultlib
INFO: [VRFC 10-311] analyzing module ppl
INFO: [VRFC 10-2263] Analyzing Verilog file "F:/Project/FPAG/Vivado_18.3/minecraft_moon/minecraft_moon.srcs/sources_1/pipeline/ppl_entry.v" into library xil_defaultlib
INFO: [VRFC 10-311] analyzing module ppl_entry
INFO: [VRFC 10-2263] Analyzing Verilog file "F:/Project/FPAG/Vivado_18.3/minecraft_moon/minecraft_moon.srcs/sources_1/pipeline/ppl_proc.v" into library xil_defaultlib
INFO: [VRFC 10-311] analyzing module ppl_proc
INFO: [VRFC 10-2263] Analyzing Verilog file "F:/Project/FPAG/Vivado_18.3/minecraft_moon/minecraft_moon.srcs/sources_1/pipeline/projection.v" into library xil_defaultlib
INFO: [VRFC 10-311] analyzing module projection
INFO: [VRFC 10-2263] Analyzing Verilog file "F:/Project/FPAG/Vivado_18.3/minecraft_moon/minecraft_moon.srcs/sources_1/sort.v" into library xil_defaultlib
INFO: [VRFC 10-311] analyzing module sort
INFO: [VRFC 10-2263] Analyzing Verilog file "F:/Project/FPAG/Vivado_18.3/minecraft_moon/minecraft_moon.srcs/sources_1/top.v" into library xil_defaultlib
INFO: [VRFC 10-311] analyzing module top
INFO: [VRFC 10-2263] Analyzing Verilog file "F:/Project/FPAG/Vivado_18.3/minecraft_moon/minecraft_moon.srcs/sources_1/pipeline/viewport_params.v" into library xil_defaultlib
INFO: [VRFC 10-311] analyzing module viewport_params
INFO: [VRFC 10-2263] Analyzing Verilog file "F:/Project/FPAG/Vivado_18.3/minecraft_moon/minecraft_moon.srcs/sources_1/pipeline/viewport_scanner.v" into library xil_defaultlib
INFO: [VRFC 10-311] analyzing module viewport_scanner
INFO: [VRFC 10-2263] Analyzing Verilog file "F:/Project/FPAG/Vivado_18.3/minecraft_moon/minecraft_moon.srcs/sim_1/tb_top.v" into library xil_defaultlib
INFO: [VRFC 10-311] analyzing module tb_top
