Reading netlist file: "F:\Project\Sipeed\Tang_Primer\Project\show-image\impl\gwsynthesis\dk_video.vg"
Parsing netlist file "F:\Project\Sipeed\Tang_Primer\Project\show-image\impl\gwsynthesis\dk_video.vg" completed
Processing netlist completed
Reading constraint file: "F:\Project\Sipeed\Tang_Primer\Project\show-image\src\dk_video.cst"
Physical Constraint parsed completed
Running placement......
[10%] Placement Phase 0 completed
[20%] Placement Phase 1 completed
[30%] Placement Phase 2 completed
[50%] Placement Phase 3 completed
Running routing......
[60%] Routing Phase 0 completed
[70%] Routing Phase 1 completed
[80%] Routing Phase 2 completed
[90%] Routing Phase 3 completed
Running timing analysis......
[95%] Timing analysis completed
Placement and routing completed
Bitstream generation in progress......
Bitstream generation completed
Running power analysis......
[100%] Power analysis completed
Generate file "F:\Project\Sipeed\Tang_Primer\Project\show-image\impl\pnr\dk_video.power.html" completed
Generate file "F:\Project\Sipeed\Tang_Primer\Project\show-image\impl\pnr\dk_video.pin.html" completed
Generate file "F:\Project\Sipeed\Tang_Primer\Project\show-image\impl\pnr\dk_video.rpt.html" completed
Generate file "F:\Project\Sipeed\Tang_Primer\Project\show-image\impl\pnr\dk_video.rpt.txt" completed
Generate file "F:\Project\Sipeed\Tang_Primer\Project\show-image\impl\pnr\dk_video.tr.html" completed
Mon Apr 01 19:40:03 2024

